<?xml version="1.0" encoding="UTF-8"?>
<!-- Generated by org.testng.reporters.JUnitXMLReporter -->
<testsuite ignored="2" hostname="DESKTOP-F6VH8I7" failures="0" tests="2" name="Test Output" time="18.263" errors="0" timestamp="2021-03-16T23:05:43 IST">
  <testcase classname="com.selenium.test.FindElementsTest" name="gotoOthersites" time="8.719"/>
  <testcase classname="com.selenium.test.FindElementsTest" name="verifyFeelinglucky" time="4.438"/>
  <testcase classname="com.selenium.test.FindElementsTest" name="testMultiElement" time="0.0">
    <ignored/>
  </testcase> <!-- testMultiElement -->
  <testcase classname="com.selenium.test.FindElementsTest" name="clickKalyaJewl" time="0.0">
    <ignored/>
  </testcase> <!-- clickKalyaJewl -->
</testsuite> <!-- Test Output -->
