<?xml version="1.0" encoding="UTF-8"?>
<!-- Generated by org.testng.reporters.JUnitXMLReporter -->
<testsuite ignored="1" hostname="DESKTOP-F6VH8I7" failures="0" tests="2" name="Test" time="0.049" errors="0" timestamp="2021-03-16T23:15:24 IST">
  <testcase classname="com.selenium.test.Groups" name="test_case1" time="0.007"/>
  <testcase classname="com.selenium.test.Groups" name="test_case2" time="0.001"/>
  <testcase classname="com.selenium.test.Groups" name="test_case3" time="0.0">
    <ignored/>
  </testcase> <!-- test_case3 -->
</testsuite> <!-- Test -->
