<?xml version="1.0" encoding="UTF-8"?>
<!-- Generated by org.testng.reporters.JUnitXMLReporter -->
<testsuite ignored="2" hostname="DESKTOP-F6VH8I7" failures="0" tests="2" name="Test run" time="13.967" errors="0" timestamp="2021-03-16T23:05:25 IST">
  <testcase classname="com.selenium.test.FindElementsTest" name="clickKalyaJewl" time="4.47"/>
  <testcase classname="com.selenium.test.FindElementsTest" name="testMultiElement" time="4.659"/>
  <testcase classname="com.selenium.test.FindElementsTest" name="gotoOthersites" time="0.0">
    <ignored/>
  </testcase> <!-- gotoOthersites -->
  <testcase classname="com.selenium.test.FindElementsTest" name="verifyFeelinglucky" time="0.0">
    <ignored/>
  </testcase> <!-- verifyFeelinglucky -->
</testsuite> <!-- Test run -->
