<?xml version="1.0" encoding="UTF-8"?>
<!-- Generated by org.testng.reporters.JUnitXMLReporter -->
<testsuite ignored="2" hostname="DESKTOP-F6VH8I7" failures="0" tests="2" name="Test run" time="17.977" errors="0" timestamp="2021-04-13T17:12:02 IST">
  <testcase classname="com.selenium.test.FindElementsTest" name="clickKalyaJewl" time="5.563"/>
  <testcase classname="com.selenium.test.FindElementsTest" name="testMultiElement" time="5.168"/>
  <testcase classname="com.selenium.test.FindElementsTest" name="gotoOthersites" time="0.0">
    <ignored/>
  </testcase> <!-- gotoOthersites -->
  <testcase classname="com.selenium.test.FindElementsTest" name="verifyFeelinglucky" time="0.0">
    <ignored/>
  </testcase> <!-- verifyFeelinglucky -->
</testsuite> <!-- Test run -->
