<?xml version="1.0" encoding="UTF-8"?>
<testng-results ignored="0" total="1" passed="1" failed="0" skipped="0">
  <reporter-output>
  </reporter-output>
  <suite started-at="2021-06-20T13:10:50 IST" name="Default suite" finished-at="2021-06-20T13:10:59 IST" duration-ms="9155">
    <groups>
    </groups>
    <test started-at="2021-06-20T13:10:50 IST" name="Default test" finished-at="2021-06-20T13:10:59 IST" duration-ms="9155">
      <class name="com.selenium.test.sampleTest">
        <test-method signature="method1()[pri:0, instance:com.selenium.test.sampleTest@41c2284a]" started-at="2021-06-20T13:10:50 IST" name="method1" finished-at="2021-06-20T13:10:59 IST" duration-ms="9114" status="PASS">
          <reporter-output>
          </reporter-output>
        </test-method> <!-- method1 -->
      </class> <!-- com.selenium.test.sampleTest -->
    </test> <!-- Default test -->
  </suite> <!-- Default suite -->
</testng-results>
